2025-12-23 14:08:49,865 - INFO - Iniciando processamento do arquivo: C:\Scripts\SICAP_Html\backend\uploads\581037ed-9ec9-498f-8dcb-8a749af67985_GlobalMed - UBS (set.25).xlsx
2025-12-23 14:08:49,865 - INFO - Parâmetros recebidos: Mes=jun, Ano=2026
2025-12-23 14:08:55,395 - INFO - Iniciando processamento do arquivo: C:\Scripts\SICAP_Html\backend\uploads\d998e75e-9506-4451-8431-2720a5438aec_GlobalMed - UBS (set.25).xlsx
2025-12-23 14:08:55,395 - INFO - Parâmetros recebidos: Mes=jun, Ano=2026
2025-12-23 14:09:28,341 - INFO - Iniciando processamento do arquivo: C:\Scripts\SICAP_Html\backend\uploads\8b7db731-ab58-4b2f-959e-1bbe4d643a2a_GlobalMed - UBS (set.25).xlsx
2025-12-23 14:09:28,342 - INFO - Parâmetros recebidos: Mes=jun, Ano=2026
2025-12-23 14:10:38,965 - INFO - Iniciando processamento do arquivo: C:\Scripts\SICAP_Html\backend\uploads\b3ea3aa8-64f9-4541-a569-442fc26a395d_GlobalMed - UBS (set.25).xlsx
2025-12-23 14:10:38,965 - INFO - Parâmetros recebidos: Mes=jun, Ano=2026
2025-12-23 14:10:38,966 - INFO - PrestacaoContaId encontrado: 873 para jun/2026
2025-12-23 14:10:39,993 - INFO - Fazendo login na API SICAP para usuario: amanda.kawauchi
2025-12-23 14:10:42,055 - INFO - Login realizado com sucesso!
2025-12-23 14:10:42,057 - INFO - Enviando folha de pagamento para SICAP...
2025-12-23 14:10:44,860 - INFO - Sucesso! NF: 10
2025-12-23 14:15:21,813 - INFO - Iniciando processamento do arquivo: C:\Scripts\SICAP_Html\backend\uploads\8d804080-1fcc-4669-9607-3906ea0d7244_GlobalMed - UBS (set.25).xlsx
2025-12-23 14:15:21,813 - INFO - Parâmetros recebidos: Mes=jun, Ano=2026
2025-12-23 14:15:21,814 - INFO - PrestacaoContaId encontrado: 873 para jun/2026
2025-12-23 14:15:22,429 - INFO - Fazendo login na API SICAP para usuario: amanda.kawauchi
2025-12-23 14:15:24,167 - INFO - Login realizado com sucesso!
2025-12-23 14:15:24,168 - INFO - Enviando folha de pagamento para SICAP...
2025-12-23 14:15:26,819 - INFO - Sucesso! NF: 10
2025-12-23 14:17:20,164 - INFO - Iniciando processamento do arquivo: C:\Scripts\SICAP_Html\backend\uploads\306441d3-c002-428f-ba55-34304e44c9b9_GlobalMed - UBS (set.25).xlsx
2025-12-23 14:17:20,164 - INFO - Parâmetros recebidos: Mes=jun, Ano=2026
2025-12-23 14:17:20,165 - INFO - PrestacaoContaId encontrado: 873 para jun/2026
2025-12-23 14:17:20,621 - INFO - Fazendo login na API SICAP para usuario: amanda.kawauchi
2025-12-23 14:17:22,369 - INFO - Login realizado com sucesso!
2025-12-23 14:17:22,371 - INFO - Enviando folha de pagamento para SICAP...
2025-12-23 14:17:25,104 - INFO - Sucesso! NF: 10
